2017-02-07 15:25:04,195 [Worker-3] INFO  c.g.t.t.d.PublishedGradleVersions - Gradle version information cache is up-to-date. Trying to read.
2017-02-07 15:25:25,180 [Worker-17] INFO  o.e.m.c.i.l.LifecycleMappingFactory - Using org.eclipse.m2e.jdt.JarLifecycleMapping lifecycle mapping for MavenProject: polytech.unice.si3.ihm:b:0.0.1-SNAPSHOT @ D:\Donnees\Informatique\Polytech\SI3S6\courses\IHM\project\firm\pom.xml.
2017-02-07 15:25:25,613 [Worker-17] INFO  o.e.m.j.i.AbstractJavaProjectConfigurator - Adding source folder /firm/src/main/java
2017-02-07 15:25:25,614 [Worker-17] INFO  o.e.m.j.i.AbstractJavaProjectConfigurator - Adding resource folder /firm/src/main/resources
2017-02-07 15:25:25,615 [Worker-17] INFO  o.e.m.j.i.AbstractJavaProjectConfigurator - Adding source folder /firm/src/test/java
2017-02-07 15:25:25,660 [Worker-17] INFO  o.e.m.c.i.p.ProjectConfigurationManager - Imported and configured 1 project(s) in 1 sec
2017-02-07 15:25:26,972 [Worker-17] WARN  o.e.m.c.i.embedder.EclipseLogger - Using platform encoding (Cp1252 actually) to copy filtered resources, i.e. build is platform dependent!
2017-02-07 15:25:26,985 [Worker-17] INFO  o.e.m.c.i.embedder.EclipseLogger - Copying 5 resources
2017-02-07 15:25:27,011 [Worker-17] WARN  o.e.m.c.i.embedder.EclipseLogger - Using platform encoding (Cp1252 actually) to copy filtered resources, i.e. build is platform dependent!
2017-02-07 15:25:27,012 [Worker-17] INFO  o.e.m.c.i.embedder.EclipseLogger - skip non existing resourceDirectory D:\Donnees\Informatique\Polytech\SI3S6\courses\IHM\project\firm\src\test\resources
2017-02-07 15:26:19,495 [Worker-5] INFO  o.e.m.c.i.l.LifecycleMappingFactory - Using org.eclipse.m2e.jdt.JarLifecycleMapping lifecycle mapping for MavenProject: polytech.unice.si3.ihm:firm:0.0.1-SNAPSHOT @ D:\Donnees\Informatique\Polytech\SI3S6\courses\IHM\project\firm\pom.xml.
2017-02-07 15:26:19,754 [Worker-5] WARN  o.e.m.c.i.embedder.EclipseLogger - Using platform encoding (Cp1252 actually) to copy filtered resources, i.e. build is platform dependent!
2017-02-07 15:26:19,756 [Worker-5] INFO  o.e.m.c.i.embedder.EclipseLogger - Copying 0 resource
2017-02-07 15:26:19,758 [Worker-5] WARN  o.e.m.c.i.embedder.EclipseLogger - Using platform encoding (Cp1252 actually) to copy filtered resources, i.e. build is platform dependent!
2017-02-07 15:26:19,758 [Worker-5] INFO  o.e.m.c.i.embedder.EclipseLogger - skip non existing resourceDirectory D:\Donnees\Informatique\Polytech\SI3S6\courses\IHM\project\firm\src\test\resources
2017-02-07 15:32:03,578 [Worker-20] WARN  o.e.m.c.i.embedder.EclipseLogger - Using platform encoding (Cp1252 actually) to copy filtered resources, i.e. build is platform dependent!
2017-02-07 15:32:03,580 [Worker-20] INFO  o.e.m.c.i.embedder.EclipseLogger - Copying 0 resource
2017-02-07 15:32:03,581 [Worker-20] WARN  o.e.m.c.i.embedder.EclipseLogger - Using platform encoding (Cp1252 actually) to copy filtered resources, i.e. build is platform dependent!
2017-02-07 15:32:03,581 [Worker-20] INFO  o.e.m.c.i.embedder.EclipseLogger - skip non existing resourceDirectory D:\Donnees\Informatique\Polytech\SI3S6\courses\IHM\project\firm\src\test\resources
2017-02-11 10:07:13,463 [Worker-0] INFO  c.g.t.t.d.PublishedGradleVersions - Gradle version information cache is out-of-date. Trying to update.
2017-02-14 04:27:53,840 [Worker-0] INFO  c.g.t.t.d.PublishedGradleVersions - Gradle version information cache is out-of-date. Trying to update.
2017-02-14 04:28:05,687 [Worker-0] WARN  o.e.m.c.i.embedder.EclipseLogger - Using platform encoding (Cp1252 actually) to copy filtered resources, i.e. build is platform dependent!
2017-02-14 04:28:05,691 [Worker-0] INFO  o.e.m.c.i.embedder.EclipseLogger - Copying 5 resources
2017-02-14 04:28:05,762 [Worker-0] WARN  o.e.m.c.i.embedder.EclipseLogger - Using platform encoding (Cp1252 actually) to copy filtered resources, i.e. build is platform dependent!
2017-02-14 04:28:05,763 [Worker-0] INFO  o.e.m.c.i.embedder.EclipseLogger - skip non existing resourceDirectory D:\Donnees\Informatique\Polytech\SI3S6\courses\IHM\project\firm\src\test\resources
2017-02-14 04:28:18,419 [Worker-14] WARN  o.e.m.c.i.embedder.EclipseLogger - Using platform encoding (Cp1252 actually) to copy filtered resources, i.e. build is platform dependent!
2017-02-14 04:28:18,426 [Worker-14] INFO  o.e.m.c.i.embedder.EclipseLogger - Copying 1 resource
2017-02-14 04:28:18,428 [Worker-14] WARN  o.e.m.c.i.embedder.EclipseLogger - Using platform encoding (Cp1252 actually) to copy filtered resources, i.e. build is platform dependent!
2017-02-14 04:28:18,429 [Worker-14] INFO  o.e.m.c.i.embedder.EclipseLogger - skip non existing resourceDirectory D:\Donnees\Informatique\Polytech\SI3S6\courses\IHM\project\firm\src\test\resources
2017-02-14 04:28:19,442 [Worker-13] WARN  o.e.m.c.i.embedder.EclipseLogger - Using platform encoding (Cp1252 actually) to copy filtered resources, i.e. build is platform dependent!
2017-02-14 04:28:19,443 [Worker-13] INFO  o.e.m.c.i.embedder.EclipseLogger - Copying 1 resource
2017-02-14 04:28:19,445 [Worker-13] WARN  o.e.m.c.i.embedder.EclipseLogger - Using platform encoding (Cp1252 actually) to copy filtered resources, i.e. build is platform dependent!
2017-02-14 04:28:19,445 [Worker-13] INFO  o.e.m.c.i.embedder.EclipseLogger - skip non existing resourceDirectory D:\Donnees\Informatique\Polytech\SI3S6\courses\IHM\project\firm\src\test\resources
2017-02-14 04:28:52,099 [Worker-13] WARN  o.e.m.c.i.embedder.EclipseLogger - Using platform encoding (Cp1252 actually) to copy filtered resources, i.e. build is platform dependent!
2017-02-14 04:28:52,106 [Worker-13] INFO  o.e.m.c.i.embedder.EclipseLogger - Copying 13 resources
2017-02-14 04:28:52,142 [Worker-13] WARN  o.e.m.c.i.embedder.EclipseLogger - Using platform encoding (Cp1252 actually) to copy filtered resources, i.e. build is platform dependent!
2017-02-14 04:28:52,143 [Worker-13] INFO  o.e.m.c.i.embedder.EclipseLogger - skip non existing resourceDirectory D:\Donnees\Informatique\Polytech\SI3S6\courses\IHM\project\firm\src\test\resources
2017-02-14 04:29:18,319 [Worker-10] WARN  o.e.m.c.i.embedder.EclipseLogger - Using platform encoding (Cp1252 actually) to copy filtered resources, i.e. build is platform dependent!
2017-02-14 04:29:18,320 [Worker-10] INFO  o.e.m.c.i.embedder.EclipseLogger - Copying 1 resource
2017-02-14 04:29:18,323 [Worker-10] WARN  o.e.m.c.i.embedder.EclipseLogger - Using platform encoding (Cp1252 actually) to copy filtered resources, i.e. build is platform dependent!
2017-02-14 04:29:18,324 [Worker-10] INFO  o.e.m.c.i.embedder.EclipseLogger - skip non existing resourceDirectory D:\Donnees\Informatique\Polytech\SI3S6\courses\IHM\project\firm\src\test\resources
2017-02-14 04:29:36,566 [Worker-2] WARN  o.e.m.c.i.embedder.EclipseLogger - Using platform encoding (Cp1252 actually) to copy filtered resources, i.e. build is platform dependent!
2017-02-14 04:29:36,567 [Worker-2] INFO  o.e.m.c.i.embedder.EclipseLogger - Copying 1 resource
2017-02-14 04:29:36,569 [Worker-2] WARN  o.e.m.c.i.embedder.EclipseLogger - Using platform encoding (Cp1252 actually) to copy filtered resources, i.e. build is platform dependent!
2017-02-14 04:29:36,570 [Worker-2] INFO  o.e.m.c.i.embedder.EclipseLogger - skip non existing resourceDirectory D:\Donnees\Informatique\Polytech\SI3S6\courses\IHM\project\firm\src\test\resources
2017-02-14 04:30:48,121 [Worker-0] WARN  o.e.m.c.i.embedder.EclipseLogger - Using platform encoding (Cp1252 actually) to copy filtered resources, i.e. build is platform dependent!
2017-02-14 04:30:48,121 [Worker-0] INFO  o.e.m.c.i.embedder.EclipseLogger - Copying 6 resources
2017-02-14 04:30:48,124 [Worker-0] WARN  o.e.m.c.i.embedder.EclipseLogger - Using platform encoding (Cp1252 actually) to copy filtered resources, i.e. build is platform dependent!
2017-02-14 04:30:48,125 [Worker-0] INFO  o.e.m.c.i.embedder.EclipseLogger - skip non existing resourceDirectory D:\Donnees\Informatique\Polytech\SI3S6\courses\IHM\project\firm\src\test\resources
2017-02-14 04:31:53,157 [Worker-18] WARN  o.e.m.c.i.embedder.EclipseLogger - Using platform encoding (Cp1252 actually) to copy filtered resources, i.e. build is platform dependent!
2017-02-14 04:31:53,159 [Worker-18] INFO  o.e.m.c.i.embedder.EclipseLogger - Copying 1 resource
2017-02-14 04:31:53,162 [Worker-18] WARN  o.e.m.c.i.embedder.EclipseLogger - Using platform encoding (Cp1252 actually) to copy filtered resources, i.e. build is platform dependent!
2017-02-14 04:31:53,163 [Worker-18] INFO  o.e.m.c.i.embedder.EclipseLogger - skip non existing resourceDirectory D:\Donnees\Informatique\Polytech\SI3S6\courses\IHM\project\firm\src\test\resources
2017-02-14 04:31:54,237 [Worker-5] WARN  o.e.m.c.i.embedder.EclipseLogger - Using platform encoding (Cp1252 actually) to copy filtered resources, i.e. build is platform dependent!
2017-02-14 04:31:54,238 [Worker-5] INFO  o.e.m.c.i.embedder.EclipseLogger - Copying 0 resource
2017-02-14 04:31:54,241 [Worker-5] WARN  o.e.m.c.i.embedder.EclipseLogger - Using platform encoding (Cp1252 actually) to copy filtered resources, i.e. build is platform dependent!
2017-02-14 04:31:54,242 [Worker-5] INFO  o.e.m.c.i.embedder.EclipseLogger - skip non existing resourceDirectory D:\Donnees\Informatique\Polytech\SI3S6\courses\IHM\project\firm\src\test\resources
2017-02-14 04:32:29,841 [Worker-13] WARN  o.e.m.c.i.embedder.EclipseLogger - Using platform encoding (Cp1252 actually) to copy filtered resources, i.e. build is platform dependent!
2017-02-14 04:32:29,841 [Worker-13] INFO  o.e.m.c.i.embedder.EclipseLogger - Copying 1 resource
2017-02-14 04:32:29,845 [Worker-13] WARN  o.e.m.c.i.embedder.EclipseLogger - Using platform encoding (Cp1252 actually) to copy filtered resources, i.e. build is platform dependent!
2017-02-14 04:32:29,845 [Worker-13] INFO  o.e.m.c.i.embedder.EclipseLogger - skip non existing resourceDirectory D:\Donnees\Informatique\Polytech\SI3S6\courses\IHM\project\firm\src\test\resources
2017-02-14 04:32:46,267 [Worker-21] WARN  o.e.m.c.i.embedder.EclipseLogger - Using platform encoding (Cp1252 actually) to copy filtered resources, i.e. build is platform dependent!
2017-02-14 04:32:46,268 [Worker-21] INFO  o.e.m.c.i.embedder.EclipseLogger - Copying 5 resources
2017-02-14 04:32:46,311 [Worker-21] WARN  o.e.m.c.i.embedder.EclipseLogger - Using platform encoding (Cp1252 actually) to copy filtered resources, i.e. build is platform dependent!
2017-02-14 04:32:46,312 [Worker-21] INFO  o.e.m.c.i.embedder.EclipseLogger - skip non existing resourceDirectory D:\Donnees\Informatique\Polytech\SI3S6\courses\IHM\project\firm\src\test\resources
2017-02-14 04:34:26,417 [Worker-10] WARN  o.e.m.c.i.embedder.EclipseLogger - Using platform encoding (Cp1252 actually) to copy filtered resources, i.e. build is platform dependent!
2017-02-14 04:34:26,418 [Worker-10] INFO  o.e.m.c.i.embedder.EclipseLogger - Copying 13 resources
2017-02-14 04:34:26,422 [Worker-10] WARN  o.e.m.c.i.embedder.EclipseLogger - Using platform encoding (Cp1252 actually) to copy filtered resources, i.e. build is platform dependent!
2017-02-14 04:34:26,422 [Worker-10] INFO  o.e.m.c.i.embedder.EclipseLogger - skip non existing resourceDirectory D:\Donnees\Informatique\Polytech\SI3S6\courses\IHM\project\firm\src\test\resources
2017-02-14 04:34:30,674 [Worker-21] WARN  o.e.m.c.i.embedder.EclipseLogger - Using platform encoding (Cp1252 actually) to copy filtered resources, i.e. build is platform dependent!
2017-02-14 04:34:30,675 [Worker-21] INFO  o.e.m.c.i.embedder.EclipseLogger - Copying 0 resource
2017-02-14 04:34:30,677 [Worker-21] WARN  o.e.m.c.i.embedder.EclipseLogger - Using platform encoding (Cp1252 actually) to copy filtered resources, i.e. build is platform dependent!
2017-02-14 04:34:30,677 [Worker-21] INFO  o.e.m.c.i.embedder.EclipseLogger - skip non existing resourceDirectory D:\Donnees\Informatique\Polytech\SI3S6\courses\IHM\project\firm\src\test\resources
2017-02-14 04:37:45,992 [Worker-9] WARN  o.e.m.c.i.embedder.EclipseLogger - Using platform encoding (Cp1252 actually) to copy filtered resources, i.e. build is platform dependent!
2017-02-14 04:37:45,993 [Worker-9] INFO  o.e.m.c.i.embedder.EclipseLogger - Copying 1 resource
2017-02-14 04:37:45,999 [Worker-9] WARN  o.e.m.c.i.embedder.EclipseLogger - Using platform encoding (Cp1252 actually) to copy filtered resources, i.e. build is platform dependent!
2017-02-14 04:37:45,999 [Worker-9] INFO  o.e.m.c.i.embedder.EclipseLogger - skip non existing resourceDirectory D:\Donnees\Informatique\Polytech\SI3S6\courses\IHM\project\firm\src\test\resources
2017-02-14 04:41:56,777 [Worker-24] WARN  o.e.m.c.i.embedder.EclipseLogger - Using platform encoding (Cp1252 actually) to copy filtered resources, i.e. build is platform dependent!
2017-02-14 04:41:56,778 [Worker-24] INFO  o.e.m.c.i.embedder.EclipseLogger - Copying 12 resources
2017-02-14 04:41:56,784 [Worker-24] WARN  o.e.m.c.i.embedder.EclipseLogger - Using platform encoding (Cp1252 actually) to copy filtered resources, i.e. build is platform dependent!
2017-02-14 04:41:56,785 [Worker-24] INFO  o.e.m.c.i.embedder.EclipseLogger - skip non existing resourceDirectory D:\Donnees\Informatique\Polytech\SI3S6\courses\IHM\project\firm\src\test\resources
2017-02-14 04:41:57,852 [Worker-23] WARN  o.e.m.c.i.embedder.EclipseLogger - Using platform encoding (Cp1252 actually) to copy filtered resources, i.e. build is platform dependent!
2017-02-14 04:41:57,853 [Worker-23] INFO  o.e.m.c.i.embedder.EclipseLogger - Copying 1 resource
2017-02-14 04:41:57,855 [Worker-23] WARN  o.e.m.c.i.embedder.EclipseLogger - Using platform encoding (Cp1252 actually) to copy filtered resources, i.e. build is platform dependent!
2017-02-14 04:41:57,856 [Worker-23] INFO  o.e.m.c.i.embedder.EclipseLogger - skip non existing resourceDirectory D:\Donnees\Informatique\Polytech\SI3S6\courses\IHM\project\firm\src\test\resources
2017-02-14 04:42:10,793 [Worker-22] WARN  o.e.m.c.i.embedder.EclipseLogger - Using platform encoding (Cp1252 actually) to copy filtered resources, i.e. build is platform dependent!
2017-02-14 04:42:10,795 [Worker-22] INFO  o.e.m.c.i.embedder.EclipseLogger - Copying 12 resources
2017-02-14 04:42:10,800 [Worker-22] WARN  o.e.m.c.i.embedder.EclipseLogger - Using platform encoding (Cp1252 actually) to copy filtered resources, i.e. build is platform dependent!
2017-02-14 04:42:10,801 [Worker-22] INFO  o.e.m.c.i.embedder.EclipseLogger - skip non existing resourceDirectory D:\Donnees\Informatique\Polytech\SI3S6\courses\IHM\project\firm\src\test\resources
2017-02-14 04:42:23,869 [Worker-23] WARN  o.e.m.c.i.embedder.EclipseLogger - Using platform encoding (Cp1252 actually) to copy filtered resources, i.e. build is platform dependent!
2017-02-14 04:42:23,870 [Worker-23] INFO  o.e.m.c.i.embedder.EclipseLogger - Copying 12 resources
2017-02-14 04:42:23,873 [Worker-23] WARN  o.e.m.c.i.embedder.EclipseLogger - Using platform encoding (Cp1252 actually) to copy filtered resources, i.e. build is platform dependent!
2017-02-14 04:42:23,874 [Worker-23] INFO  o.e.m.c.i.embedder.EclipseLogger - skip non existing resourceDirectory D:\Donnees\Informatique\Polytech\SI3S6\courses\IHM\project\firm\src\test\resources
2017-02-14 04:42:29,165 [Worker-26] WARN  o.e.m.c.i.embedder.EclipseLogger - Using platform encoding (Cp1252 actually) to copy filtered resources, i.e. build is platform dependent!
2017-02-14 04:42:29,167 [Worker-26] INFO  o.e.m.c.i.embedder.EclipseLogger - Copying 12 resources
2017-02-14 04:42:29,170 [Worker-26] WARN  o.e.m.c.i.embedder.EclipseLogger - Using platform encoding (Cp1252 actually) to copy filtered resources, i.e. build is platform dependent!
2017-02-14 04:42:29,171 [Worker-26] INFO  o.e.m.c.i.embedder.EclipseLogger - skip non existing resourceDirectory D:\Donnees\Informatique\Polytech\SI3S6\courses\IHM\project\firm\src\test\resources
2017-02-14 04:42:51,429 [Worker-28] WARN  o.e.m.c.i.embedder.EclipseLogger - Using platform encoding (Cp1252 actually) to copy filtered resources, i.e. build is platform dependent!
2017-02-14 04:42:51,431 [Worker-28] INFO  o.e.m.c.i.embedder.EclipseLogger - Copying 12 resources
2017-02-14 04:42:51,435 [Worker-28] WARN  o.e.m.c.i.embedder.EclipseLogger - Using platform encoding (Cp1252 actually) to copy filtered resources, i.e. build is platform dependent!
2017-02-14 04:42:51,436 [Worker-28] INFO  o.e.m.c.i.embedder.EclipseLogger - skip non existing resourceDirectory D:\Donnees\Informatique\Polytech\SI3S6\courses\IHM\project\firm\src\test\resources
2017-02-14 04:44:44,567 [Worker-23] WARN  o.e.m.c.i.embedder.EclipseLogger - Using platform encoding (Cp1252 actually) to copy filtered resources, i.e. build is platform dependent!
2017-02-14 04:44:44,568 [Worker-23] INFO  o.e.m.c.i.embedder.EclipseLogger - Copying 1 resource
2017-02-14 04:44:44,571 [Worker-23] WARN  o.e.m.c.i.embedder.EclipseLogger - Using platform encoding (Cp1252 actually) to copy filtered resources, i.e. build is platform dependent!
2017-02-14 04:44:44,571 [Worker-23] INFO  o.e.m.c.i.embedder.EclipseLogger - skip non existing resourceDirectory D:\Donnees\Informatique\Polytech\SI3S6\courses\IHM\project\firm\src\test\resources
2017-02-14 04:46:27,787 [Worker-29] WARN  o.e.m.c.i.embedder.EclipseLogger - Using platform encoding (Cp1252 actually) to copy filtered resources, i.e. build is platform dependent!
2017-02-14 04:46:27,788 [Worker-29] INFO  o.e.m.c.i.embedder.EclipseLogger - Copying 1 resource
2017-02-14 04:46:27,790 [Worker-29] WARN  o.e.m.c.i.embedder.EclipseLogger - Using platform encoding (Cp1252 actually) to copy filtered resources, i.e. build is platform dependent!
2017-02-14 04:46:27,791 [Worker-29] INFO  o.e.m.c.i.embedder.EclipseLogger - skip non existing resourceDirectory D:\Donnees\Informatique\Polytech\SI3S6\courses\IHM\project\firm\src\test\resources
2017-02-14 04:46:48,070 [Worker-28] WARN  o.e.m.c.i.embedder.EclipseLogger - Using platform encoding (Cp1252 actually) to copy filtered resources, i.e. build is platform dependent!
2017-02-14 04:46:48,071 [Worker-28] INFO  o.e.m.c.i.embedder.EclipseLogger - Copying 1 resource
2017-02-14 04:46:48,072 [Worker-28] WARN  o.e.m.c.i.embedder.EclipseLogger - Using platform encoding (Cp1252 actually) to copy filtered resources, i.e. build is platform dependent!
2017-02-14 04:46:48,072 [Worker-28] INFO  o.e.m.c.i.embedder.EclipseLogger - skip non existing resourceDirectory D:\Donnees\Informatique\Polytech\SI3S6\courses\IHM\project\firm\src\test\resources
2017-02-14 04:47:01,115 [Worker-23] WARN  o.e.m.c.i.embedder.EclipseLogger - Using platform encoding (Cp1252 actually) to copy filtered resources, i.e. build is platform dependent!
2017-02-14 04:47:01,116 [Worker-23] INFO  o.e.m.c.i.embedder.EclipseLogger - Copying 1 resource
2017-02-14 04:47:01,118 [Worker-23] WARN  o.e.m.c.i.embedder.EclipseLogger - Using platform encoding (Cp1252 actually) to copy filtered resources, i.e. build is platform dependent!
2017-02-14 04:47:01,119 [Worker-23] INFO  o.e.m.c.i.embedder.EclipseLogger - skip non existing resourceDirectory D:\Donnees\Informatique\Polytech\SI3S6\courses\IHM\project\firm\src\test\resources
2017-02-14 04:47:08,464 [Worker-26] WARN  o.e.m.c.i.embedder.EclipseLogger - Using platform encoding (Cp1252 actually) to copy filtered resources, i.e. build is platform dependent!
2017-02-14 04:47:08,465 [Worker-26] INFO  o.e.m.c.i.embedder.EclipseLogger - Copying 1 resource
2017-02-14 04:47:08,467 [Worker-26] WARN  o.e.m.c.i.embedder.EclipseLogger - Using platform encoding (Cp1252 actually) to copy filtered resources, i.e. build is platform dependent!
2017-02-14 04:47:08,468 [Worker-26] INFO  o.e.m.c.i.embedder.EclipseLogger - skip non existing resourceDirectory D:\Donnees\Informatique\Polytech\SI3S6\courses\IHM\project\firm\src\test\resources
2017-02-14 04:48:05,056 [Worker-22] WARN  o.e.m.c.i.embedder.EclipseLogger - Using platform encoding (Cp1252 actually) to copy filtered resources, i.e. build is platform dependent!
2017-02-14 04:48:05,057 [Worker-22] INFO  o.e.m.c.i.embedder.EclipseLogger - Copying 1 resource
2017-02-14 04:48:05,060 [Worker-22] WARN  o.e.m.c.i.embedder.EclipseLogger - Using platform encoding (Cp1252 actually) to copy filtered resources, i.e. build is platform dependent!
2017-02-14 04:48:05,061 [Worker-22] INFO  o.e.m.c.i.embedder.EclipseLogger - skip non existing resourceDirectory D:\Donnees\Informatique\Polytech\SI3S6\courses\IHM\project\firm\src\test\resources
2017-02-14 04:50:19,338 [Worker-29] WARN  o.e.m.c.i.embedder.EclipseLogger - Using platform encoding (Cp1252 actually) to copy filtered resources, i.e. build is platform dependent!
2017-02-14 04:50:19,339 [Worker-29] INFO  o.e.m.c.i.embedder.EclipseLogger - Copying 1 resource
2017-02-14 04:50:19,342 [Worker-29] WARN  o.e.m.c.i.embedder.EclipseLogger - Using platform encoding (Cp1252 actually) to copy filtered resources, i.e. build is platform dependent!
2017-02-14 04:50:19,343 [Worker-29] INFO  o.e.m.c.i.embedder.EclipseLogger - skip non existing resourceDirectory D:\Donnees\Informatique\Polytech\SI3S6\courses\IHM\project\firm\src\test\resources
2017-02-14 04:52:43,794 [Worker-26] WARN  o.e.m.c.i.embedder.EclipseLogger - Using platform encoding (Cp1252 actually) to copy filtered resources, i.e. build is platform dependent!
2017-02-14 04:52:43,795 [Worker-26] INFO  o.e.m.c.i.embedder.EclipseLogger - Copying 1 resource
2017-02-14 04:52:43,797 [Worker-26] WARN  o.e.m.c.i.embedder.EclipseLogger - Using platform encoding (Cp1252 actually) to copy filtered resources, i.e. build is platform dependent!
2017-02-14 04:52:43,798 [Worker-26] INFO  o.e.m.c.i.embedder.EclipseLogger - skip non existing resourceDirectory D:\Donnees\Informatique\Polytech\SI3S6\courses\IHM\project\firm\src\test\resources
2017-02-14 04:54:28,570 [Worker-26] WARN  o.e.m.c.i.embedder.EclipseLogger - Using platform encoding (Cp1252 actually) to copy filtered resources, i.e. build is platform dependent!
2017-02-14 04:54:28,570 [Worker-26] INFO  o.e.m.c.i.embedder.EclipseLogger - Copying 1 resource
2017-02-14 04:54:28,573 [Worker-26] WARN  o.e.m.c.i.embedder.EclipseLogger - Using platform encoding (Cp1252 actually) to copy filtered resources, i.e. build is platform dependent!
2017-02-14 04:54:28,573 [Worker-26] INFO  o.e.m.c.i.embedder.EclipseLogger - skip non existing resourceDirectory D:\Donnees\Informatique\Polytech\SI3S6\courses\IHM\project\firm\src\test\resources
2017-02-14 04:55:04,695 [Worker-33] WARN  o.e.m.c.i.embedder.EclipseLogger - Using platform encoding (Cp1252 actually) to copy filtered resources, i.e. build is platform dependent!
2017-02-14 04:55:04,696 [Worker-33] INFO  o.e.m.c.i.embedder.EclipseLogger - Copying 1 resource
2017-02-14 04:55:04,699 [Worker-33] WARN  o.e.m.c.i.embedder.EclipseLogger - Using platform encoding (Cp1252 actually) to copy filtered resources, i.e. build is platform dependent!
2017-02-14 04:55:04,699 [Worker-33] INFO  o.e.m.c.i.embedder.EclipseLogger - skip non existing resourceDirectory D:\Donnees\Informatique\Polytech\SI3S6\courses\IHM\project\firm\src\test\resources
2017-02-14 04:57:03,806 [Worker-36] WARN  o.e.m.c.i.embedder.EclipseLogger - Using platform encoding (Cp1252 actually) to copy filtered resources, i.e. build is platform dependent!
2017-02-14 04:57:03,807 [Worker-36] INFO  o.e.m.c.i.embedder.EclipseLogger - Copying 1 resource
2017-02-14 04:57:03,811 [Worker-36] WARN  o.e.m.c.i.embedder.EclipseLogger - Using platform encoding (Cp1252 actually) to copy filtered resources, i.e. build is platform dependent!
2017-02-14 04:57:03,812 [Worker-36] INFO  o.e.m.c.i.embedder.EclipseLogger - skip non existing resourceDirectory D:\Donnees\Informatique\Polytech\SI3S6\courses\IHM\project\firm\src\test\resources
2017-02-14 04:57:20,566 [Worker-36] WARN  o.e.m.c.i.embedder.EclipseLogger - Using platform encoding (Cp1252 actually) to copy filtered resources, i.e. build is platform dependent!
2017-02-14 04:57:20,568 [Worker-36] INFO  o.e.m.c.i.embedder.EclipseLogger - Copying 12 resources
2017-02-14 04:57:20,571 [Worker-36] WARN  o.e.m.c.i.embedder.EclipseLogger - Using platform encoding (Cp1252 actually) to copy filtered resources, i.e. build is platform dependent!
2017-02-14 04:57:20,572 [Worker-36] INFO  o.e.m.c.i.embedder.EclipseLogger - skip non existing resourceDirectory D:\Donnees\Informatique\Polytech\SI3S6\courses\IHM\project\firm\src\test\resources
2017-02-14 04:58:13,586 [Worker-34] WARN  o.e.m.c.i.embedder.EclipseLogger - Using platform encoding (Cp1252 actually) to copy filtered resources, i.e. build is platform dependent!
2017-02-14 04:58:13,588 [Worker-34] INFO  o.e.m.c.i.embedder.EclipseLogger - Copying 12 resources
2017-02-14 04:58:13,591 [Worker-34] WARN  o.e.m.c.i.embedder.EclipseLogger - Using platform encoding (Cp1252 actually) to copy filtered resources, i.e. build is platform dependent!
2017-02-14 04:58:13,591 [Worker-34] INFO  o.e.m.c.i.embedder.EclipseLogger - skip non existing resourceDirectory D:\Donnees\Informatique\Polytech\SI3S6\courses\IHM\project\firm\src\test\resources
2017-02-14 04:58:50,313 [Worker-39] WARN  o.e.m.c.i.embedder.EclipseLogger - Using platform encoding (Cp1252 actually) to copy filtered resources, i.e. build is platform dependent!
2017-02-14 04:58:50,314 [Worker-39] INFO  o.e.m.c.i.embedder.EclipseLogger - Copying 12 resources
2017-02-14 04:58:50,317 [Worker-39] WARN  o.e.m.c.i.embedder.EclipseLogger - Using platform encoding (Cp1252 actually) to copy filtered resources, i.e. build is platform dependent!
2017-02-14 04:58:50,318 [Worker-39] INFO  o.e.m.c.i.embedder.EclipseLogger - skip non existing resourceDirectory D:\Donnees\Informatique\Polytech\SI3S6\courses\IHM\project\firm\src\test\resources
2017-02-14 04:59:24,668 [Worker-40] WARN  o.e.m.c.i.embedder.EclipseLogger - Using platform encoding (Cp1252 actually) to copy filtered resources, i.e. build is platform dependent!
2017-02-14 04:59:24,670 [Worker-40] INFO  o.e.m.c.i.embedder.EclipseLogger - Copying 12 resources
2017-02-14 04:59:24,673 [Worker-40] WARN  o.e.m.c.i.embedder.EclipseLogger - Using platform encoding (Cp1252 actually) to copy filtered resources, i.e. build is platform dependent!
2017-02-14 04:59:24,674 [Worker-40] INFO  o.e.m.c.i.embedder.EclipseLogger - skip non existing resourceDirectory D:\Donnees\Informatique\Polytech\SI3S6\courses\IHM\project\firm\src\test\resources
2017-02-14 04:59:47,548 [Worker-35] WARN  o.e.m.c.i.embedder.EclipseLogger - Using platform encoding (Cp1252 actually) to copy filtered resources, i.e. build is platform dependent!
2017-02-14 04:59:47,550 [Worker-35] INFO  o.e.m.c.i.embedder.EclipseLogger - Copying 12 resources
2017-02-14 04:59:47,553 [Worker-35] WARN  o.e.m.c.i.embedder.EclipseLogger - Using platform encoding (Cp1252 actually) to copy filtered resources, i.e. build is platform dependent!
2017-02-14 04:59:47,553 [Worker-35] INFO  o.e.m.c.i.embedder.EclipseLogger - skip non existing resourceDirectory D:\Donnees\Informatique\Polytech\SI3S6\courses\IHM\project\firm\src\test\resources
2017-02-14 05:00:24,016 [Worker-36] WARN  o.e.m.c.i.embedder.EclipseLogger - Using platform encoding (Cp1252 actually) to copy filtered resources, i.e. build is platform dependent!
2017-02-14 05:00:24,018 [Worker-36] INFO  o.e.m.c.i.embedder.EclipseLogger - Copying 1 resource
2017-02-14 05:00:24,020 [Worker-36] WARN  o.e.m.c.i.embedder.EclipseLogger - Using platform encoding (Cp1252 actually) to copy filtered resources, i.e. build is platform dependent!
2017-02-14 05:00:24,021 [Worker-36] INFO  o.e.m.c.i.embedder.EclipseLogger - skip non existing resourceDirectory D:\Donnees\Informatique\Polytech\SI3S6\courses\IHM\project\firm\src\test\resources
2017-02-14 05:00:28,170 [Worker-35] WARN  o.e.m.c.i.embedder.EclipseLogger - Using platform encoding (Cp1252 actually) to copy filtered resources, i.e. build is platform dependent!
2017-02-14 05:00:28,173 [Worker-35] INFO  o.e.m.c.i.embedder.EclipseLogger - Copying 12 resources
2017-02-14 05:00:28,177 [Worker-35] WARN  o.e.m.c.i.embedder.EclipseLogger - Using platform encoding (Cp1252 actually) to copy filtered resources, i.e. build is platform dependent!
2017-02-14 05:00:28,177 [Worker-35] INFO  o.e.m.c.i.embedder.EclipseLogger - skip non existing resourceDirectory D:\Donnees\Informatique\Polytech\SI3S6\courses\IHM\project\firm\src\test\resources
2017-02-14 05:00:48,088 [Worker-26] WARN  o.e.m.c.i.embedder.EclipseLogger - Using platform encoding (Cp1252 actually) to copy filtered resources, i.e. build is platform dependent!
2017-02-14 05:00:48,090 [Worker-26] INFO  o.e.m.c.i.embedder.EclipseLogger - Copying 12 resources
2017-02-14 05:00:48,093 [Worker-26] WARN  o.e.m.c.i.embedder.EclipseLogger - Using platform encoding (Cp1252 actually) to copy filtered resources, i.e. build is platform dependent!
2017-02-14 05:00:48,093 [Worker-26] INFO  o.e.m.c.i.embedder.EclipseLogger - skip non existing resourceDirectory D:\Donnees\Informatique\Polytech\SI3S6\courses\IHM\project\firm\src\test\resources
2017-02-14 05:00:59,631 [Worker-41] WARN  o.e.m.c.i.embedder.EclipseLogger - Using platform encoding (Cp1252 actually) to copy filtered resources, i.e. build is platform dependent!
2017-02-14 05:00:59,634 [Worker-41] INFO  o.e.m.c.i.embedder.EclipseLogger - Copying 12 resources
2017-02-14 05:00:59,637 [Worker-41] WARN  o.e.m.c.i.embedder.EclipseLogger - Using platform encoding (Cp1252 actually) to copy filtered resources, i.e. build is platform dependent!
2017-02-14 05:00:59,638 [Worker-41] INFO  o.e.m.c.i.embedder.EclipseLogger - skip non existing resourceDirectory D:\Donnees\Informatique\Polytech\SI3S6\courses\IHM\project\firm\src\test\resources
2017-02-14 05:01:08,605 [Worker-44] WARN  o.e.m.c.i.embedder.EclipseLogger - Using platform encoding (Cp1252 actually) to copy filtered resources, i.e. build is platform dependent!
2017-02-14 05:01:08,606 [Worker-44] INFO  o.e.m.c.i.embedder.EclipseLogger - Copying 12 resources
2017-02-14 05:01:08,609 [Worker-44] WARN  o.e.m.c.i.embedder.EclipseLogger - Using platform encoding (Cp1252 actually) to copy filtered resources, i.e. build is platform dependent!
2017-02-14 05:01:08,609 [Worker-44] INFO  o.e.m.c.i.embedder.EclipseLogger - skip non existing resourceDirectory D:\Donnees\Informatique\Polytech\SI3S6\courses\IHM\project\firm\src\test\resources
2017-02-14 05:01:28,644 [Worker-35] WARN  o.e.m.c.i.embedder.EclipseLogger - Using platform encoding (Cp1252 actually) to copy filtered resources, i.e. build is platform dependent!
2017-02-14 05:01:28,645 [Worker-35] INFO  o.e.m.c.i.embedder.EclipseLogger - Copying 1 resource
2017-02-14 05:01:28,647 [Worker-35] WARN  o.e.m.c.i.embedder.EclipseLogger - Using platform encoding (Cp1252 actually) to copy filtered resources, i.e. build is platform dependent!
2017-02-14 05:01:28,648 [Worker-35] INFO  o.e.m.c.i.embedder.EclipseLogger - skip non existing resourceDirectory D:\Donnees\Informatique\Polytech\SI3S6\courses\IHM\project\firm\src\test\resources
2017-02-14 05:01:32,280 [Worker-40] WARN  o.e.m.c.i.embedder.EclipseLogger - Using platform encoding (Cp1252 actually) to copy filtered resources, i.e. build is platform dependent!
2017-02-14 05:01:32,281 [Worker-40] INFO  o.e.m.c.i.embedder.EclipseLogger - Copying 12 resources
2017-02-14 05:01:32,287 [Worker-40] WARN  o.e.m.c.i.embedder.EclipseLogger - Using platform encoding (Cp1252 actually) to copy filtered resources, i.e. build is platform dependent!
2017-02-14 05:01:32,287 [Worker-40] INFO  o.e.m.c.i.embedder.EclipseLogger - skip non existing resourceDirectory D:\Donnees\Informatique\Polytech\SI3S6\courses\IHM\project\firm\src\test\resources
2017-02-14 05:02:36,800 [Worker-40] WARN  o.e.m.c.i.embedder.EclipseLogger - Using platform encoding (Cp1252 actually) to copy filtered resources, i.e. build is platform dependent!
2017-02-14 05:02:36,802 [Worker-40] INFO  o.e.m.c.i.embedder.EclipseLogger - Copying 12 resources
2017-02-14 05:02:36,805 [Worker-40] WARN  o.e.m.c.i.embedder.EclipseLogger - Using platform encoding (Cp1252 actually) to copy filtered resources, i.e. build is platform dependent!
2017-02-14 05:02:36,806 [Worker-40] INFO  o.e.m.c.i.embedder.EclipseLogger - skip non existing resourceDirectory D:\Donnees\Informatique\Polytech\SI3S6\courses\IHM\project\firm\src\test\resources
2017-02-14 05:02:55,920 [Worker-37] WARN  o.e.m.c.i.embedder.EclipseLogger - Using platform encoding (Cp1252 actually) to copy filtered resources, i.e. build is platform dependent!
2017-02-14 05:02:55,922 [Worker-37] INFO  o.e.m.c.i.embedder.EclipseLogger - Copying 12 resources
2017-02-14 05:02:55,925 [Worker-37] WARN  o.e.m.c.i.embedder.EclipseLogger - Using platform encoding (Cp1252 actually) to copy filtered resources, i.e. build is platform dependent!
2017-02-14 05:02:55,926 [Worker-37] INFO  o.e.m.c.i.embedder.EclipseLogger - skip non existing resourceDirectory D:\Donnees\Informatique\Polytech\SI3S6\courses\IHM\project\firm\src\test\resources
2017-02-14 05:03:15,393 [Worker-44] WARN  o.e.m.c.i.embedder.EclipseLogger - Using platform encoding (Cp1252 actually) to copy filtered resources, i.e. build is platform dependent!
2017-02-14 05:03:15,394 [Worker-44] INFO  o.e.m.c.i.embedder.EclipseLogger - Copying 1 resource
2017-02-14 05:03:15,397 [Worker-44] WARN  o.e.m.c.i.embedder.EclipseLogger - Using platform encoding (Cp1252 actually) to copy filtered resources, i.e. build is platform dependent!
2017-02-14 05:03:15,397 [Worker-44] INFO  o.e.m.c.i.embedder.EclipseLogger - skip non existing resourceDirectory D:\Donnees\Informatique\Polytech\SI3S6\courses\IHM\project\firm\src\test\resources
2017-02-14 05:04:11,500 [Worker-41] WARN  o.e.m.c.i.embedder.EclipseLogger - Using platform encoding (Cp1252 actually) to copy filtered resources, i.e. build is platform dependent!
2017-02-14 05:04:11,502 [Worker-41] INFO  o.e.m.c.i.embedder.EclipseLogger - Copying 12 resources
2017-02-14 05:04:11,505 [Worker-41] WARN  o.e.m.c.i.embedder.EclipseLogger - Using platform encoding (Cp1252 actually) to copy filtered resources, i.e. build is platform dependent!
2017-02-14 05:04:11,506 [Worker-41] INFO  o.e.m.c.i.embedder.EclipseLogger - skip non existing resourceDirectory D:\Donnees\Informatique\Polytech\SI3S6\courses\IHM\project\firm\src\test\resources
2017-02-14 05:04:22,007 [Worker-41] WARN  o.e.m.c.i.embedder.EclipseLogger - Using platform encoding (Cp1252 actually) to copy filtered resources, i.e. build is platform dependent!
2017-02-14 05:04:22,008 [Worker-41] INFO  o.e.m.c.i.embedder.EclipseLogger - Copying 1 resource
2017-02-14 05:04:22,011 [Worker-41] WARN  o.e.m.c.i.embedder.EclipseLogger - Using platform encoding (Cp1252 actually) to copy filtered resources, i.e. build is platform dependent!
2017-02-14 05:04:22,011 [Worker-41] INFO  o.e.m.c.i.embedder.EclipseLogger - skip non existing resourceDirectory D:\Donnees\Informatique\Polytech\SI3S6\courses\IHM\project\firm\src\test\resources
2017-02-14 05:04:38,987 [Worker-44] WARN  o.e.m.c.i.embedder.EclipseLogger - Using platform encoding (Cp1252 actually) to copy filtered resources, i.e. build is platform dependent!
2017-02-14 05:04:38,988 [Worker-44] INFO  o.e.m.c.i.embedder.EclipseLogger - Copying 1 resource
2017-02-14 05:04:38,989 [Worker-44] WARN  o.e.m.c.i.embedder.EclipseLogger - Using platform encoding (Cp1252 actually) to copy filtered resources, i.e. build is platform dependent!
2017-02-14 05:04:38,990 [Worker-44] INFO  o.e.m.c.i.embedder.EclipseLogger - skip non existing resourceDirectory D:\Donnees\Informatique\Polytech\SI3S6\courses\IHM\project\firm\src\test\resources
2017-02-14 05:04:58,605 [Worker-36] WARN  o.e.m.c.i.embedder.EclipseLogger - Using platform encoding (Cp1252 actually) to copy filtered resources, i.e. build is platform dependent!
2017-02-14 05:04:58,606 [Worker-36] INFO  o.e.m.c.i.embedder.EclipseLogger - Copying 12 resources
2017-02-14 05:04:58,609 [Worker-36] WARN  o.e.m.c.i.embedder.EclipseLogger - Using platform encoding (Cp1252 actually) to copy filtered resources, i.e. build is platform dependent!
2017-02-14 05:04:58,609 [Worker-36] INFO  o.e.m.c.i.embedder.EclipseLogger - skip non existing resourceDirectory D:\Donnees\Informatique\Polytech\SI3S6\courses\IHM\project\firm\src\test\resources
2017-02-14 05:05:02,549 [Worker-36] WARN  o.e.m.c.i.embedder.EclipseLogger - Using platform encoding (Cp1252 actually) to copy filtered resources, i.e. build is platform dependent!
2017-02-14 05:05:02,550 [Worker-36] INFO  o.e.m.c.i.embedder.EclipseLogger - Copying 12 resources
2017-02-14 05:05:02,553 [Worker-36] WARN  o.e.m.c.i.embedder.EclipseLogger - Using platform encoding (Cp1252 actually) to copy filtered resources, i.e. build is platform dependent!
2017-02-14 05:05:02,554 [Worker-36] INFO  o.e.m.c.i.embedder.EclipseLogger - skip non existing resourceDirectory D:\Donnees\Informatique\Polytech\SI3S6\courses\IHM\project\firm\src\test\resources
2017-02-14 05:06:17,526 [Worker-43] WARN  o.e.m.c.i.embedder.EclipseLogger - Using platform encoding (Cp1252 actually) to copy filtered resources, i.e. build is platform dependent!
2017-02-14 05:06:17,529 [Worker-43] INFO  o.e.m.c.i.embedder.EclipseLogger - Copying 12 resources
2017-02-14 05:06:17,531 [Worker-43] WARN  o.e.m.c.i.embedder.EclipseLogger - Using platform encoding (Cp1252 actually) to copy filtered resources, i.e. build is platform dependent!
2017-02-14 05:06:17,532 [Worker-43] INFO  o.e.m.c.i.embedder.EclipseLogger - skip non existing resourceDirectory D:\Donnees\Informatique\Polytech\SI3S6\courses\IHM\project\firm\src\test\resources
2017-02-14 05:07:31,827 [Worker-42] WARN  o.e.m.c.i.embedder.EclipseLogger - Using platform encoding (Cp1252 actually) to copy filtered resources, i.e. build is platform dependent!
2017-02-14 05:07:31,829 [Worker-42] INFO  o.e.m.c.i.embedder.EclipseLogger - Copying 12 resources
2017-02-14 05:07:31,831 [Worker-42] WARN  o.e.m.c.i.embedder.EclipseLogger - Using platform encoding (Cp1252 actually) to copy filtered resources, i.e. build is platform dependent!
2017-02-14 05:07:31,832 [Worker-42] INFO  o.e.m.c.i.embedder.EclipseLogger - skip non existing resourceDirectory D:\Donnees\Informatique\Polytech\SI3S6\courses\IHM\project\firm\src\test\resources
2017-02-14 05:07:48,730 [Worker-46] WARN  o.e.m.c.i.embedder.EclipseLogger - Using platform encoding (Cp1252 actually) to copy filtered resources, i.e. build is platform dependent!
2017-02-14 05:07:48,730 [Worker-46] INFO  o.e.m.c.i.embedder.EclipseLogger - Copying 1 resource
2017-02-14 05:07:48,733 [Worker-46] WARN  o.e.m.c.i.embedder.EclipseLogger - Using platform encoding (Cp1252 actually) to copy filtered resources, i.e. build is platform dependent!
2017-02-14 05:07:48,734 [Worker-46] INFO  o.e.m.c.i.embedder.EclipseLogger - skip non existing resourceDirectory D:\Donnees\Informatique\Polytech\SI3S6\courses\IHM\project\firm\src\test\resources
2017-02-14 05:08:02,828 [Worker-46] WARN  o.e.m.c.i.embedder.EclipseLogger - Using platform encoding (Cp1252 actually) to copy filtered resources, i.e. build is platform dependent!
2017-02-14 05:08:02,828 [Worker-46] INFO  o.e.m.c.i.embedder.EclipseLogger - Copying 1 resource
2017-02-14 05:08:02,829 [Worker-46] WARN  o.e.m.c.i.embedder.EclipseLogger - Using platform encoding (Cp1252 actually) to copy filtered resources, i.e. build is platform dependent!
2017-02-14 05:08:02,830 [Worker-46] INFO  o.e.m.c.i.embedder.EclipseLogger - skip non existing resourceDirectory D:\Donnees\Informatique\Polytech\SI3S6\courses\IHM\project\firm\src\test\resources
2017-02-14 05:08:13,106 [Worker-37] WARN  o.e.m.c.i.embedder.EclipseLogger - Using platform encoding (Cp1252 actually) to copy filtered resources, i.e. build is platform dependent!
2017-02-14 05:08:13,107 [Worker-37] INFO  o.e.m.c.i.embedder.EclipseLogger - Copying 1 resource
2017-02-14 05:08:13,108 [Worker-37] WARN  o.e.m.c.i.embedder.EclipseLogger - Using platform encoding (Cp1252 actually) to copy filtered resources, i.e. build is platform dependent!
2017-02-14 05:08:13,109 [Worker-37] INFO  o.e.m.c.i.embedder.EclipseLogger - skip non existing resourceDirectory D:\Donnees\Informatique\Polytech\SI3S6\courses\IHM\project\firm\src\test\resources
2017-02-14 05:08:21,935 [Worker-40] WARN  o.e.m.c.i.embedder.EclipseLogger - Using platform encoding (Cp1252 actually) to copy filtered resources, i.e. build is platform dependent!
2017-02-14 05:08:21,936 [Worker-40] INFO  o.e.m.c.i.embedder.EclipseLogger - Copying 1 resource
2017-02-14 05:08:21,937 [Worker-40] WARN  o.e.m.c.i.embedder.EclipseLogger - Using platform encoding (Cp1252 actually) to copy filtered resources, i.e. build is platform dependent!
2017-02-14 05:08:21,937 [Worker-40] INFO  o.e.m.c.i.embedder.EclipseLogger - skip non existing resourceDirectory D:\Donnees\Informatique\Polytech\SI3S6\courses\IHM\project\firm\src\test\resources
2017-02-14 05:08:32,083 [Worker-35] WARN  o.e.m.c.i.embedder.EclipseLogger - Using platform encoding (Cp1252 actually) to copy filtered resources, i.e. build is platform dependent!
2017-02-14 05:08:32,084 [Worker-35] INFO  o.e.m.c.i.embedder.EclipseLogger - Copying 1 resource
2017-02-14 05:08:32,085 [Worker-35] WARN  o.e.m.c.i.embedder.EclipseLogger - Using platform encoding (Cp1252 actually) to copy filtered resources, i.e. build is platform dependent!
2017-02-14 05:08:32,086 [Worker-35] INFO  o.e.m.c.i.embedder.EclipseLogger - skip non existing resourceDirectory D:\Donnees\Informatique\Polytech\SI3S6\courses\IHM\project\firm\src\test\resources
2017-02-14 05:08:40,848 [Worker-37] WARN  o.e.m.c.i.embedder.EclipseLogger - Using platform encoding (Cp1252 actually) to copy filtered resources, i.e. build is platform dependent!
2017-02-14 05:08:40,849 [Worker-37] INFO  o.e.m.c.i.embedder.EclipseLogger - Copying 1 resource
2017-02-14 05:08:40,851 [Worker-37] WARN  o.e.m.c.i.embedder.EclipseLogger - Using platform encoding (Cp1252 actually) to copy filtered resources, i.e. build is platform dependent!
2017-02-14 05:08:40,852 [Worker-37] INFO  o.e.m.c.i.embedder.EclipseLogger - skip non existing resourceDirectory D:\Donnees\Informatique\Polytech\SI3S6\courses\IHM\project\firm\src\test\resources
2017-02-14 05:10:27,843 [Worker-41] WARN  o.e.m.c.i.embedder.EclipseLogger - Using platform encoding (Cp1252 actually) to copy filtered resources, i.e. build is platform dependent!
2017-02-14 05:10:27,845 [Worker-41] INFO  o.e.m.c.i.embedder.EclipseLogger - Copying 12 resources
2017-02-14 05:10:27,848 [Worker-41] WARN  o.e.m.c.i.embedder.EclipseLogger - Using platform encoding (Cp1252 actually) to copy filtered resources, i.e. build is platform dependent!
2017-02-14 05:10:27,848 [Worker-41] INFO  o.e.m.c.i.embedder.EclipseLogger - skip non existing resourceDirectory D:\Donnees\Informatique\Polytech\SI3S6\courses\IHM\project\firm\src\test\resources
2017-02-14 05:11:09,889 [Worker-40] WARN  o.e.m.c.i.embedder.EclipseLogger - Using platform encoding (Cp1252 actually) to copy filtered resources, i.e. build is platform dependent!
2017-02-14 05:11:09,891 [Worker-40] INFO  o.e.m.c.i.embedder.EclipseLogger - Copying 12 resources
2017-02-14 05:11:09,893 [Worker-40] WARN  o.e.m.c.i.embedder.EclipseLogger - Using platform encoding (Cp1252 actually) to copy filtered resources, i.e. build is platform dependent!
2017-02-14 05:11:09,894 [Worker-40] INFO  o.e.m.c.i.embedder.EclipseLogger - skip non existing resourceDirectory D:\Donnees\Informatique\Polytech\SI3S6\courses\IHM\project\firm\src\test\resources
2017-02-14 05:11:13,966 [Worker-47] WARN  o.e.m.c.i.embedder.EclipseLogger - Using platform encoding (Cp1252 actually) to copy filtered resources, i.e. build is platform dependent!
2017-02-14 05:11:13,968 [Worker-47] INFO  o.e.m.c.i.embedder.EclipseLogger - Copying 12 resources
2017-02-14 05:11:13,972 [Worker-47] WARN  o.e.m.c.i.embedder.EclipseLogger - Using platform encoding (Cp1252 actually) to copy filtered resources, i.e. build is platform dependent!
2017-02-14 05:11:13,972 [Worker-47] INFO  o.e.m.c.i.embedder.EclipseLogger - skip non existing resourceDirectory D:\Donnees\Informatique\Polytech\SI3S6\courses\IHM\project\firm\src\test\resources
2017-02-14 05:11:49,854 [Worker-41] WARN  o.e.m.c.i.embedder.EclipseLogger - Using platform encoding (Cp1252 actually) to copy filtered resources, i.e. build is platform dependent!
2017-02-14 05:11:49,856 [Worker-41] INFO  o.e.m.c.i.embedder.EclipseLogger - Copying 12 resources
2017-02-14 05:11:49,859 [Worker-41] WARN  o.e.m.c.i.embedder.EclipseLogger - Using platform encoding (Cp1252 actually) to copy filtered resources, i.e. build is platform dependent!
2017-02-14 05:11:49,860 [Worker-41] INFO  o.e.m.c.i.embedder.EclipseLogger - skip non existing resourceDirectory D:\Donnees\Informatique\Polytech\SI3S6\courses\IHM\project\firm\src\test\resources
2017-02-14 05:11:55,021 [Worker-26] WARN  o.e.m.c.i.embedder.EclipseLogger - Using platform encoding (Cp1252 actually) to copy filtered resources, i.e. build is platform dependent!
2017-02-14 05:11:55,022 [Worker-26] INFO  o.e.m.c.i.embedder.EclipseLogger - Copying 12 resources
2017-02-14 05:11:55,025 [Worker-26] WARN  o.e.m.c.i.embedder.EclipseLogger - Using platform encoding (Cp1252 actually) to copy filtered resources, i.e. build is platform dependent!
2017-02-14 05:11:55,026 [Worker-26] INFO  o.e.m.c.i.embedder.EclipseLogger - skip non existing resourceDirectory D:\Donnees\Informatique\Polytech\SI3S6\courses\IHM\project\firm\src\test\resources
2017-02-14 05:11:57,724 [Worker-47] WARN  o.e.m.c.i.embedder.EclipseLogger - Using platform encoding (Cp1252 actually) to copy filtered resources, i.e. build is platform dependent!
2017-02-14 05:11:57,725 [Worker-47] INFO  o.e.m.c.i.embedder.EclipseLogger - Copying 12 resources
2017-02-14 05:11:57,728 [Worker-47] WARN  o.e.m.c.i.embedder.EclipseLogger - Using platform encoding (Cp1252 actually) to copy filtered resources, i.e. build is platform dependent!
2017-02-14 05:11:57,728 [Worker-47] INFO  o.e.m.c.i.embedder.EclipseLogger - skip non existing resourceDirectory D:\Donnees\Informatique\Polytech\SI3S6\courses\IHM\project\firm\src\test\resources
2017-02-14 05:12:05,320 [Worker-46] WARN  o.e.m.c.i.embedder.EclipseLogger - Using platform encoding (Cp1252 actually) to copy filtered resources, i.e. build is platform dependent!
2017-02-14 05:12:05,322 [Worker-46] INFO  o.e.m.c.i.embedder.EclipseLogger - Copying 1 resource
2017-02-14 05:12:05,324 [Worker-46] WARN  o.e.m.c.i.embedder.EclipseLogger - Using platform encoding (Cp1252 actually) to copy filtered resources, i.e. build is platform dependent!
2017-02-14 05:12:05,325 [Worker-46] INFO  o.e.m.c.i.embedder.EclipseLogger - skip non existing resourceDirectory D:\Donnees\Informatique\Polytech\SI3S6\courses\IHM\project\firm\src\test\resources
2017-02-14 05:12:35,888 [Worker-37] WARN  o.e.m.c.i.embedder.EclipseLogger - Using platform encoding (Cp1252 actually) to copy filtered resources, i.e. build is platform dependent!
2017-02-14 05:12:35,889 [Worker-37] INFO  o.e.m.c.i.embedder.EclipseLogger - Copying 12 resources
2017-02-14 05:12:35,891 [Worker-37] WARN  o.e.m.c.i.embedder.EclipseLogger - Using platform encoding (Cp1252 actually) to copy filtered resources, i.e. build is platform dependent!
2017-02-14 05:12:35,892 [Worker-37] INFO  o.e.m.c.i.embedder.EclipseLogger - skip non existing resourceDirectory D:\Donnees\Informatique\Polytech\SI3S6\courses\IHM\project\firm\src\test\resources
2017-02-14 05:12:56,857 [Worker-43] WARN  o.e.m.c.i.embedder.EclipseLogger - Using platform encoding (Cp1252 actually) to copy filtered resources, i.e. build is platform dependent!
2017-02-14 05:12:56,859 [Worker-43] INFO  o.e.m.c.i.embedder.EclipseLogger - Copying 12 resources
2017-02-14 05:12:56,861 [Worker-43] WARN  o.e.m.c.i.embedder.EclipseLogger - Using platform encoding (Cp1252 actually) to copy filtered resources, i.e. build is platform dependent!
2017-02-14 05:12:56,862 [Worker-43] INFO  o.e.m.c.i.embedder.EclipseLogger - skip non existing resourceDirectory D:\Donnees\Informatique\Polytech\SI3S6\courses\IHM\project\firm\src\test\resources
2017-02-14 05:13:07,290 [Worker-47] WARN  o.e.m.c.i.embedder.EclipseLogger - Using platform encoding (Cp1252 actually) to copy filtered resources, i.e. build is platform dependent!
2017-02-14 05:13:07,291 [Worker-47] INFO  o.e.m.c.i.embedder.EclipseLogger - Copying 12 resources
2017-02-14 05:13:07,293 [Worker-47] WARN  o.e.m.c.i.embedder.EclipseLogger - Using platform encoding (Cp1252 actually) to copy filtered resources, i.e. build is platform dependent!
2017-02-14 05:13:07,294 [Worker-47] INFO  o.e.m.c.i.embedder.EclipseLogger - skip non existing resourceDirectory D:\Donnees\Informatique\Polytech\SI3S6\courses\IHM\project\firm\src\test\resources
2017-02-14 05:13:20,145 [Worker-43] WARN  o.e.m.c.i.embedder.EclipseLogger - Using platform encoding (Cp1252 actually) to copy filtered resources, i.e. build is platform dependent!
2017-02-14 05:13:20,147 [Worker-43] INFO  o.e.m.c.i.embedder.EclipseLogger - Copying 12 resources
2017-02-14 05:13:20,149 [Worker-43] WARN  o.e.m.c.i.embedder.EclipseLogger - Using platform encoding (Cp1252 actually) to copy filtered resources, i.e. build is platform dependent!
2017-02-14 05:13:20,150 [Worker-43] INFO  o.e.m.c.i.embedder.EclipseLogger - skip non existing resourceDirectory D:\Donnees\Informatique\Polytech\SI3S6\courses\IHM\project\firm\src\test\resources
2017-02-14 05:13:37,110 [Worker-42] WARN  o.e.m.c.i.embedder.EclipseLogger - Using platform encoding (Cp1252 actually) to copy filtered resources, i.e. build is platform dependent!
2017-02-14 05:13:37,111 [Worker-42] INFO  o.e.m.c.i.embedder.EclipseLogger - Copying 12 resources
2017-02-14 05:13:37,114 [Worker-42] WARN  o.e.m.c.i.embedder.EclipseLogger - Using platform encoding (Cp1252 actually) to copy filtered resources, i.e. build is platform dependent!
2017-02-14 05:13:37,115 [Worker-42] INFO  o.e.m.c.i.embedder.EclipseLogger - skip non existing resourceDirectory D:\Donnees\Informatique\Polytech\SI3S6\courses\IHM\project\firm\src\test\resources
2017-02-14 05:15:31,659 [Worker-40] WARN  o.e.m.c.i.embedder.EclipseLogger - Using platform encoding (Cp1252 actually) to copy filtered resources, i.e. build is platform dependent!
2017-02-14 05:15:31,661 [Worker-40] INFO  o.e.m.c.i.embedder.EclipseLogger - Copying 12 resources
2017-02-14 05:15:31,665 [Worker-40] WARN  o.e.m.c.i.embedder.EclipseLogger - Using platform encoding (Cp1252 actually) to copy filtered resources, i.e. build is platform dependent!
2017-02-14 05:15:31,666 [Worker-40] INFO  o.e.m.c.i.embedder.EclipseLogger - skip non existing resourceDirectory D:\Donnees\Informatique\Polytech\SI3S6\courses\IHM\project\firm\src\test\resources
2017-02-14 05:15:32,727 [Worker-37] WARN  o.e.m.c.i.embedder.EclipseLogger - Using platform encoding (Cp1252 actually) to copy filtered resources, i.e. build is platform dependent!
2017-02-14 05:15:32,728 [Worker-37] INFO  o.e.m.c.i.embedder.EclipseLogger - Copying 1 resource
2017-02-14 05:15:32,729 [Worker-37] WARN  o.e.m.c.i.embedder.EclipseLogger - Using platform encoding (Cp1252 actually) to copy filtered resources, i.e. build is platform dependent!
2017-02-14 05:15:32,729 [Worker-37] INFO  o.e.m.c.i.embedder.EclipseLogger - skip non existing resourceDirectory D:\Donnees\Informatique\Polytech\SI3S6\courses\IHM\project\firm\src\test\resources
2017-02-14 05:15:49,071 [Worker-37] WARN  o.e.m.c.i.embedder.EclipseLogger - Using platform encoding (Cp1252 actually) to copy filtered resources, i.e. build is platform dependent!
2017-02-14 05:15:49,072 [Worker-37] INFO  o.e.m.c.i.embedder.EclipseLogger - Copying 12 resources
2017-02-14 05:15:49,075 [Worker-37] WARN  o.e.m.c.i.embedder.EclipseLogger - Using platform encoding (Cp1252 actually) to copy filtered resources, i.e. build is platform dependent!
2017-02-14 05:15:49,075 [Worker-37] INFO  o.e.m.c.i.embedder.EclipseLogger - skip non existing resourceDirectory D:\Donnees\Informatique\Polytech\SI3S6\courses\IHM\project\firm\src\test\resources
2017-02-14 05:17:00,378 [Worker-42] WARN  o.e.m.c.i.embedder.EclipseLogger - Using platform encoding (Cp1252 actually) to copy filtered resources, i.e. build is platform dependent!
2017-02-14 05:17:00,380 [Worker-42] INFO  o.e.m.c.i.embedder.EclipseLogger - Copying 12 resources
2017-02-14 05:17:00,388 [Worker-42] WARN  o.e.m.c.i.embedder.EclipseLogger - Using platform encoding (Cp1252 actually) to copy filtered resources, i.e. build is platform dependent!
2017-02-14 05:17:00,389 [Worker-42] INFO  o.e.m.c.i.embedder.EclipseLogger - skip non existing resourceDirectory D:\Donnees\Informatique\Polytech\SI3S6\courses\IHM\project\firm\src\test\resources
2017-02-14 05:17:01,419 [Worker-47] WARN  o.e.m.c.i.embedder.EclipseLogger - Using platform encoding (Cp1252 actually) to copy filtered resources, i.e. build is platform dependent!
2017-02-14 05:17:01,420 [Worker-47] INFO  o.e.m.c.i.embedder.EclipseLogger - Copying 1 resource
2017-02-14 05:17:01,421 [Worker-47] WARN  o.e.m.c.i.embedder.EclipseLogger - Using platform encoding (Cp1252 actually) to copy filtered resources, i.e. build is platform dependent!
2017-02-14 05:17:01,422 [Worker-47] INFO  o.e.m.c.i.embedder.EclipseLogger - skip non existing resourceDirectory D:\Donnees\Informatique\Polytech\SI3S6\courses\IHM\project\firm\src\test\resources
2017-02-14 05:17:29,093 [Worker-40] WARN  o.e.m.c.i.embedder.EclipseLogger - Using platform encoding (Cp1252 actually) to copy filtered resources, i.e. build is platform dependent!
2017-02-14 05:17:29,095 [Worker-40] INFO  o.e.m.c.i.embedder.EclipseLogger - Copying 12 resources
2017-02-14 05:17:29,097 [Worker-40] WARN  o.e.m.c.i.embedder.EclipseLogger - Using platform encoding (Cp1252 actually) to copy filtered resources, i.e. build is platform dependent!
2017-02-14 05:17:29,098 [Worker-40] INFO  o.e.m.c.i.embedder.EclipseLogger - skip non existing resourceDirectory D:\Donnees\Informatique\Polytech\SI3S6\courses\IHM\project\firm\src\test\resources
2017-02-14 05:17:40,363 [Worker-47] WARN  o.e.m.c.i.embedder.EclipseLogger - Using platform encoding (Cp1252 actually) to copy filtered resources, i.e. build is platform dependent!
2017-02-14 05:17:40,365 [Worker-47] INFO  o.e.m.c.i.embedder.EclipseLogger - Copying 12 resources
2017-02-14 05:17:40,367 [Worker-47] WARN  o.e.m.c.i.embedder.EclipseLogger - Using platform encoding (Cp1252 actually) to copy filtered resources, i.e. build is platform dependent!
2017-02-14 05:17:40,368 [Worker-47] INFO  o.e.m.c.i.embedder.EclipseLogger - skip non existing resourceDirectory D:\Donnees\Informatique\Polytech\SI3S6\courses\IHM\project\firm\src\test\resources
2017-02-14 05:17:50,297 [Worker-48] WARN  o.e.m.c.i.embedder.EclipseLogger - Using platform encoding (Cp1252 actually) to copy filtered resources, i.e. build is platform dependent!
2017-02-14 05:17:50,299 [Worker-48] INFO  o.e.m.c.i.embedder.EclipseLogger - Copying 12 resources
2017-02-14 05:17:50,302 [Worker-48] WARN  o.e.m.c.i.embedder.EclipseLogger - Using platform encoding (Cp1252 actually) to copy filtered resources, i.e. build is platform dependent!
2017-02-14 05:17:50,302 [Worker-48] INFO  o.e.m.c.i.embedder.EclipseLogger - skip non existing resourceDirectory D:\Donnees\Informatique\Polytech\SI3S6\courses\IHM\project\firm\src\test\resources
2017-02-14 05:17:54,489 [Worker-37] WARN  o.e.m.c.i.embedder.EclipseLogger - Using platform encoding (Cp1252 actually) to copy filtered resources, i.e. build is platform dependent!
2017-02-14 05:17:54,491 [Worker-37] INFO  o.e.m.c.i.embedder.EclipseLogger - Copying 12 resources
2017-02-14 05:17:54,493 [Worker-37] WARN  o.e.m.c.i.embedder.EclipseLogger - Using platform encoding (Cp1252 actually) to copy filtered resources, i.e. build is platform dependent!
2017-02-14 05:17:54,494 [Worker-37] INFO  o.e.m.c.i.embedder.EclipseLogger - skip non existing resourceDirectory D:\Donnees\Informatique\Polytech\SI3S6\courses\IHM\project\firm\src\test\resources
2017-02-14 05:18:03,030 [Worker-47] WARN  o.e.m.c.i.embedder.EclipseLogger - Using platform encoding (Cp1252 actually) to copy filtered resources, i.e. build is platform dependent!
2017-02-14 05:18:03,031 [Worker-47] INFO  o.e.m.c.i.embedder.EclipseLogger - Copying 12 resources
2017-02-14 05:18:03,034 [Worker-47] WARN  o.e.m.c.i.embedder.EclipseLogger - Using platform encoding (Cp1252 actually) to copy filtered resources, i.e. build is platform dependent!
2017-02-14 05:18:03,034 [Worker-47] INFO  o.e.m.c.i.embedder.EclipseLogger - skip non existing resourceDirectory D:\Donnees\Informatique\Polytech\SI3S6\courses\IHM\project\firm\src\test\resources
2017-02-14 05:18:05,245 [Worker-47] WARN  o.e.m.c.i.embedder.EclipseLogger - Using platform encoding (Cp1252 actually) to copy filtered resources, i.e. build is platform dependent!
2017-02-14 05:18:05,246 [Worker-47] INFO  o.e.m.c.i.embedder.EclipseLogger - Copying 12 resources
2017-02-14 05:18:05,248 [Worker-47] WARN  o.e.m.c.i.embedder.EclipseLogger - Using platform encoding (Cp1252 actually) to copy filtered resources, i.e. build is platform dependent!
2017-02-14 05:18:05,249 [Worker-47] INFO  o.e.m.c.i.embedder.EclipseLogger - skip non existing resourceDirectory D:\Donnees\Informatique\Polytech\SI3S6\courses\IHM\project\firm\src\test\resources
2017-02-14 05:18:16,659 [Worker-49] WARN  o.e.m.c.i.embedder.EclipseLogger - Using platform encoding (Cp1252 actually) to copy filtered resources, i.e. build is platform dependent!
2017-02-14 05:18:16,660 [Worker-49] INFO  o.e.m.c.i.embedder.EclipseLogger - Copying 12 resources
2017-02-14 05:18:16,662 [Worker-49] WARN  o.e.m.c.i.embedder.EclipseLogger - Using platform encoding (Cp1252 actually) to copy filtered resources, i.e. build is platform dependent!
2017-02-14 05:18:16,663 [Worker-49] INFO  o.e.m.c.i.embedder.EclipseLogger - skip non existing resourceDirectory D:\Donnees\Informatique\Polytech\SI3S6\courses\IHM\project\firm\src\test\resources
2017-02-14 05:18:30,196 [Worker-40] WARN  o.e.m.c.i.embedder.EclipseLogger - Using platform encoding (Cp1252 actually) to copy filtered resources, i.e. build is platform dependent!
2017-02-14 05:18:30,198 [Worker-40] INFO  o.e.m.c.i.embedder.EclipseLogger - Copying 12 resources
2017-02-14 05:18:30,200 [Worker-40] WARN  o.e.m.c.i.embedder.EclipseLogger - Using platform encoding (Cp1252 actually) to copy filtered resources, i.e. build is platform dependent!
2017-02-14 05:18:30,201 [Worker-40] INFO  o.e.m.c.i.embedder.EclipseLogger - skip non existing resourceDirectory D:\Donnees\Informatique\Polytech\SI3S6\courses\IHM\project\firm\src\test\resources
2017-02-14 05:18:38,666 [Worker-42] WARN  o.e.m.c.i.embedder.EclipseLogger - Using platform encoding (Cp1252 actually) to copy filtered resources, i.e. build is platform dependent!
2017-02-14 05:18:38,667 [Worker-42] INFO  o.e.m.c.i.embedder.EclipseLogger - Copying 12 resources
2017-02-14 05:18:38,669 [Worker-42] WARN  o.e.m.c.i.embedder.EclipseLogger - Using platform encoding (Cp1252 actually) to copy filtered resources, i.e. build is platform dependent!
2017-02-14 05:18:38,670 [Worker-42] INFO  o.e.m.c.i.embedder.EclipseLogger - skip non existing resourceDirectory D:\Donnees\Informatique\Polytech\SI3S6\courses\IHM\project\firm\src\test\resources
2017-02-14 05:18:43,169 [Worker-47] WARN  o.e.m.c.i.embedder.EclipseLogger - Using platform encoding (Cp1252 actually) to copy filtered resources, i.e. build is platform dependent!
2017-02-14 05:18:43,171 [Worker-47] INFO  o.e.m.c.i.embedder.EclipseLogger - Copying 12 resources
2017-02-14 05:18:43,173 [Worker-47] WARN  o.e.m.c.i.embedder.EclipseLogger - Using platform encoding (Cp1252 actually) to copy filtered resources, i.e. build is platform dependent!
2017-02-14 05:18:43,174 [Worker-47] INFO  o.e.m.c.i.embedder.EclipseLogger - skip non existing resourceDirectory D:\Donnees\Informatique\Polytech\SI3S6\courses\IHM\project\firm\src\test\resources
2017-02-14 05:18:45,322 [Worker-48] WARN  o.e.m.c.i.embedder.EclipseLogger - Using platform encoding (Cp1252 actually) to copy filtered resources, i.e. build is platform dependent!
2017-02-14 05:18:45,323 [Worker-48] INFO  o.e.m.c.i.embedder.EclipseLogger - Copying 12 resources
2017-02-14 05:18:45,326 [Worker-48] WARN  o.e.m.c.i.embedder.EclipseLogger - Using platform encoding (Cp1252 actually) to copy filtered resources, i.e. build is platform dependent!
2017-02-14 05:18:45,327 [Worker-48] INFO  o.e.m.c.i.embedder.EclipseLogger - skip non existing resourceDirectory D:\Donnees\Informatique\Polytech\SI3S6\courses\IHM\project\firm\src\test\resources
2017-02-14 05:18:46,400 [Worker-48] WARN  o.e.m.c.i.embedder.EclipseLogger - Using platform encoding (Cp1252 actually) to copy filtered resources, i.e. build is platform dependent!
2017-02-14 05:18:46,402 [Worker-48] INFO  o.e.m.c.i.embedder.EclipseLogger - Copying 12 resources
2017-02-14 05:18:46,404 [Worker-48] WARN  o.e.m.c.i.embedder.EclipseLogger - Using platform encoding (Cp1252 actually) to copy filtered resources, i.e. build is platform dependent!
2017-02-14 05:18:46,404 [Worker-48] INFO  o.e.m.c.i.embedder.EclipseLogger - skip non existing resourceDirectory D:\Donnees\Informatique\Polytech\SI3S6\courses\IHM\project\firm\src\test\resources
2017-02-14 05:19:12,880 [Worker-47] WARN  o.e.m.c.i.embedder.EclipseLogger - Using platform encoding (Cp1252 actually) to copy filtered resources, i.e. build is platform dependent!
2017-02-14 05:19:12,881 [Worker-47] INFO  o.e.m.c.i.embedder.EclipseLogger - Copying 12 resources
2017-02-14 05:19:12,884 [Worker-47] WARN  o.e.m.c.i.embedder.EclipseLogger - Using platform encoding (Cp1252 actually) to copy filtered resources, i.e. build is platform dependent!
2017-02-14 05:19:12,884 [Worker-47] INFO  o.e.m.c.i.embedder.EclipseLogger - skip non existing resourceDirectory D:\Donnees\Informatique\Polytech\SI3S6\courses\IHM\project\firm\src\test\resources
2017-02-14 05:19:14,751 [Worker-51] WARN  o.e.m.c.i.embedder.EclipseLogger - Using platform encoding (Cp1252 actually) to copy filtered resources, i.e. build is platform dependent!
2017-02-14 05:19:14,752 [Worker-51] INFO  o.e.m.c.i.embedder.EclipseLogger - Copying 12 resources
2017-02-14 05:19:14,755 [Worker-51] WARN  o.e.m.c.i.embedder.EclipseLogger - Using platform encoding (Cp1252 actually) to copy filtered resources, i.e. build is platform dependent!
2017-02-14 05:19:14,756 [Worker-51] INFO  o.e.m.c.i.embedder.EclipseLogger - skip non existing resourceDirectory D:\Donnees\Informatique\Polytech\SI3S6\courses\IHM\project\firm\src\test\resources
2017-02-14 05:19:49,111 [Worker-48] WARN  o.e.m.c.i.embedder.EclipseLogger - Using platform encoding (Cp1252 actually) to copy filtered resources, i.e. build is platform dependent!
2017-02-14 05:19:49,112 [Worker-48] INFO  o.e.m.c.i.embedder.EclipseLogger - Copying 1 resource
2017-02-14 05:19:49,114 [Worker-48] WARN  o.e.m.c.i.embedder.EclipseLogger - Using platform encoding (Cp1252 actually) to copy filtered resources, i.e. build is platform dependent!
2017-02-14 05:19:49,115 [Worker-48] INFO  o.e.m.c.i.embedder.EclipseLogger - skip non existing resourceDirectory D:\Donnees\Informatique\Polytech\SI3S6\courses\IHM\project\firm\src\test\resources
2017-02-14 05:20:06,988 [Worker-40] WARN  o.e.m.c.i.embedder.EclipseLogger - Using platform encoding (Cp1252 actually) to copy filtered resources, i.e. build is platform dependent!
2017-02-14 05:20:06,989 [Worker-40] INFO  o.e.m.c.i.embedder.EclipseLogger - Copying 1 resource
2017-02-14 05:20:06,990 [Worker-40] WARN  o.e.m.c.i.embedder.EclipseLogger - Using platform encoding (Cp1252 actually) to copy filtered resources, i.e. build is platform dependent!
2017-02-14 05:20:06,991 [Worker-40] INFO  o.e.m.c.i.embedder.EclipseLogger - skip non existing resourceDirectory D:\Donnees\Informatique\Polytech\SI3S6\courses\IHM\project\firm\src\test\resources
2017-02-14 05:20:58,169 [Worker-40] WARN  o.e.m.c.i.embedder.EclipseLogger - Using platform encoding (Cp1252 actually) to copy filtered resources, i.e. build is platform dependent!
2017-02-14 05:20:58,171 [Worker-40] INFO  o.e.m.c.i.embedder.EclipseLogger - Copying 12 resources
2017-02-14 05:20:58,173 [Worker-40] WARN  o.e.m.c.i.embedder.EclipseLogger - Using platform encoding (Cp1252 actually) to copy filtered resources, i.e. build is platform dependent!
2017-02-14 05:20:58,174 [Worker-40] INFO  o.e.m.c.i.embedder.EclipseLogger - skip non existing resourceDirectory D:\Donnees\Informatique\Polytech\SI3S6\courses\IHM\project\firm\src\test\resources
2017-02-14 05:21:17,020 [Worker-52] WARN  o.e.m.c.i.embedder.EclipseLogger - Using platform encoding (Cp1252 actually) to copy filtered resources, i.e. build is platform dependent!
2017-02-14 05:21:17,022 [Worker-52] INFO  o.e.m.c.i.embedder.EclipseLogger - Copying 12 resources
2017-02-14 05:21:17,024 [Worker-52] WARN  o.e.m.c.i.embedder.EclipseLogger - Using platform encoding (Cp1252 actually) to copy filtered resources, i.e. build is platform dependent!
2017-02-14 05:21:17,024 [Worker-52] INFO  o.e.m.c.i.embedder.EclipseLogger - skip non existing resourceDirectory D:\Donnees\Informatique\Polytech\SI3S6\courses\IHM\project\firm\src\test\resources
2017-02-14 05:21:55,167 [Worker-49] WARN  o.e.m.c.i.embedder.EclipseLogger - Using platform encoding (Cp1252 actually) to copy filtered resources, i.e. build is platform dependent!
2017-02-14 05:21:55,170 [Worker-49] INFO  o.e.m.c.i.embedder.EclipseLogger - Copying 12 resources
2017-02-14 05:21:55,173 [Worker-49] WARN  o.e.m.c.i.embedder.EclipseLogger - Using platform encoding (Cp1252 actually) to copy filtered resources, i.e. build is platform dependent!
2017-02-14 05:21:55,174 [Worker-49] INFO  o.e.m.c.i.embedder.EclipseLogger - skip non existing resourceDirectory D:\Donnees\Informatique\Polytech\SI3S6\courses\IHM\project\firm\src\test\resources
2017-02-14 05:21:59,150 [Worker-50] WARN  o.e.m.c.i.embedder.EclipseLogger - Using platform encoding (Cp1252 actually) to copy filtered resources, i.e. build is platform dependent!
2017-02-14 05:21:59,152 [Worker-50] INFO  o.e.m.c.i.embedder.EclipseLogger - Copying 12 resources
2017-02-14 05:21:59,155 [Worker-50] WARN  o.e.m.c.i.embedder.EclipseLogger - Using platform encoding (Cp1252 actually) to copy filtered resources, i.e. build is platform dependent!
2017-02-14 05:21:59,156 [Worker-50] INFO  o.e.m.c.i.embedder.EclipseLogger - skip non existing resourceDirectory D:\Donnees\Informatique\Polytech\SI3S6\courses\IHM\project\firm\src\test\resources
2017-02-14 05:22:32,079 [Worker-40] WARN  o.e.m.c.i.embedder.EclipseLogger - Using platform encoding (Cp1252 actually) to copy filtered resources, i.e. build is platform dependent!
2017-02-14 05:22:32,081 [Worker-40] INFO  o.e.m.c.i.embedder.EclipseLogger - Copying 12 resources
2017-02-14 05:22:32,083 [Worker-40] WARN  o.e.m.c.i.embedder.EclipseLogger - Using platform encoding (Cp1252 actually) to copy filtered resources, i.e. build is platform dependent!
2017-02-14 05:22:32,084 [Worker-40] INFO  o.e.m.c.i.embedder.EclipseLogger - skip non existing resourceDirectory D:\Donnees\Informatique\Polytech\SI3S6\courses\IHM\project\firm\src\test\resources
2017-02-14 05:22:41,479 [Worker-52] WARN  o.e.m.c.i.embedder.EclipseLogger - Using platform encoding (Cp1252 actually) to copy filtered resources, i.e. build is platform dependent!
2017-02-14 05:22:41,480 [Worker-52] INFO  o.e.m.c.i.embedder.EclipseLogger - Copying 12 resources
2017-02-14 05:22:41,483 [Worker-52] WARN  o.e.m.c.i.embedder.EclipseLogger - Using platform encoding (Cp1252 actually) to copy filtered resources, i.e. build is platform dependent!
2017-02-14 05:22:41,483 [Worker-52] INFO  o.e.m.c.i.embedder.EclipseLogger - skip non existing resourceDirectory D:\Donnees\Informatique\Polytech\SI3S6\courses\IHM\project\firm\src\test\resources
2017-02-14 05:22:46,324 [Worker-40] WARN  o.e.m.c.i.embedder.EclipseLogger - Using platform encoding (Cp1252 actually) to copy filtered resources, i.e. build is platform dependent!
2017-02-14 05:22:46,325 [Worker-40] INFO  o.e.m.c.i.embedder.EclipseLogger - Copying 12 resources
2017-02-14 05:22:46,327 [Worker-40] WARN  o.e.m.c.i.embedder.EclipseLogger - Using platform encoding (Cp1252 actually) to copy filtered resources, i.e. build is platform dependent!
2017-02-14 05:22:46,328 [Worker-40] INFO  o.e.m.c.i.embedder.EclipseLogger - skip non existing resourceDirectory D:\Donnees\Informatique\Polytech\SI3S6\courses\IHM\project\firm\src\test\resources
2017-02-14 05:22:57,446 [Worker-48] WARN  o.e.m.c.i.embedder.EclipseLogger - Using platform encoding (Cp1252 actually) to copy filtered resources, i.e. build is platform dependent!
2017-02-14 05:22:57,448 [Worker-48] INFO  o.e.m.c.i.embedder.EclipseLogger - Copying 12 resources
2017-02-14 05:22:57,451 [Worker-48] WARN  o.e.m.c.i.embedder.EclipseLogger - Using platform encoding (Cp1252 actually) to copy filtered resources, i.e. build is platform dependent!
2017-02-14 05:22:57,451 [Worker-48] INFO  o.e.m.c.i.embedder.EclipseLogger - skip non existing resourceDirectory D:\Donnees\Informatique\Polytech\SI3S6\courses\IHM\project\firm\src\test\resources
2017-02-14 05:23:02,832 [Worker-48] WARN  o.e.m.c.i.embedder.EclipseLogger - Using platform encoding (Cp1252 actually) to copy filtered resources, i.e. build is platform dependent!
2017-02-14 05:23:02,834 [Worker-48] INFO  o.e.m.c.i.embedder.EclipseLogger - Copying 12 resources
2017-02-14 05:23:02,837 [Worker-48] WARN  o.e.m.c.i.embedder.EclipseLogger - Using platform encoding (Cp1252 actually) to copy filtered resources, i.e. build is platform dependent!
2017-02-14 05:23:02,838 [Worker-48] INFO  o.e.m.c.i.embedder.EclipseLogger - skip non existing resourceDirectory D:\Donnees\Informatique\Polytech\SI3S6\courses\IHM\project\firm\src\test\resources
2017-02-14 05:23:16,755 [Worker-52] WARN  o.e.m.c.i.embedder.EclipseLogger - Using platform encoding (Cp1252 actually) to copy filtered resources, i.e. build is platform dependent!
2017-02-14 05:23:16,757 [Worker-52] INFO  o.e.m.c.i.embedder.EclipseLogger - Copying 12 resources
2017-02-14 05:23:16,759 [Worker-52] WARN  o.e.m.c.i.embedder.EclipseLogger - Using platform encoding (Cp1252 actually) to copy filtered resources, i.e. build is platform dependent!
2017-02-14 05:23:16,759 [Worker-52] INFO  o.e.m.c.i.embedder.EclipseLogger - skip non existing resourceDirectory D:\Donnees\Informatique\Polytech\SI3S6\courses\IHM\project\firm\src\test\resources
2017-02-14 05:29:53,635 [Worker-54] WARN  o.e.m.c.i.embedder.EclipseLogger - Using platform encoding (Cp1252 actually) to copy filtered resources, i.e. build is platform dependent!
2017-02-14 05:29:53,637 [Worker-54] INFO  o.e.m.c.i.embedder.EclipseLogger - Copying 12 resources
2017-02-14 05:29:53,642 [Worker-54] WARN  o.e.m.c.i.embedder.EclipseLogger - Using platform encoding (Cp1252 actually) to copy filtered resources, i.e. build is platform dependent!
2017-02-14 05:29:53,643 [Worker-54] INFO  o.e.m.c.i.embedder.EclipseLogger - skip non existing resourceDirectory D:\Donnees\Informatique\Polytech\SI3S6\courses\IHM\project\firm\src\test\resources
2017-02-14 05:29:54,701 [Worker-54] WARN  o.e.m.c.i.embedder.EclipseLogger - Using platform encoding (Cp1252 actually) to copy filtered resources, i.e. build is platform dependent!
2017-02-14 05:29:54,702 [Worker-54] INFO  o.e.m.c.i.embedder.EclipseLogger - Copying 0 resource
2017-02-14 05:29:54,704 [Worker-54] WARN  o.e.m.c.i.embedder.EclipseLogger - Using platform encoding (Cp1252 actually) to copy filtered resources, i.e. build is platform dependent!
2017-02-14 05:29:54,704 [Worker-54] INFO  o.e.m.c.i.embedder.EclipseLogger - skip non existing resourceDirectory D:\Donnees\Informatique\Polytech\SI3S6\courses\IHM\project\firm\src\test\resources
2017-02-14 05:29:59,209 [Worker-37] WARN  o.e.m.c.i.embedder.EclipseLogger - Using platform encoding (Cp1252 actually) to copy filtered resources, i.e. build is platform dependent!
2017-02-14 05:29:59,211 [Worker-37] INFO  o.e.m.c.i.embedder.EclipseLogger - Copying 12 resources
2017-02-14 05:29:59,214 [Worker-37] WARN  o.e.m.c.i.embedder.EclipseLogger - Using platform encoding (Cp1252 actually) to copy filtered resources, i.e. build is platform dependent!
2017-02-14 05:29:59,215 [Worker-37] INFO  o.e.m.c.i.embedder.EclipseLogger - skip non existing resourceDirectory D:\Donnees\Informatique\Polytech\SI3S6\courses\IHM\project\firm\src\test\resources
